libGDXnetwork/android/build/outputs/logs/manifest-merger-debug-report.txt
-- Merging decision tree log ---
manifest
ADDED from libGDXnetwork\android\AndroidManifest.xml:2:1-29:12
	xmlns:android
		ADDED from libGDXnetwork\android\AndroidManifest.xml:2:11-69
	package
		ADDED from libGDXnetwork\android\AndroidManifest.xml:3:5-29
		INJECTED from libGDXnetwork\android\AndroidManifest.xml
		INJECTED from libGDXnetwork\android\AndroidManifest.xml
	android:versionName
		ADDED from libGDXnetwork\android\AndroidManifest.xml:5:5-30
		INJECTED from libGDXnetwork\android\AndroidManifest.xml
		INJECTED from libGDXnetwork\android\AndroidManifest.xml
	android:versionCode
		ADDED from libGDXnetwork\android\AndroidManifest.xml:4:5-28
		INJECTED from libGDXnetwork\android\AndroidManifest.xml
		INJECTED from libGDXnetwork\android\AndroidManifest.xml
uses-sdk
ADDED from libGDXnetwork\android\AndroidManifest.xml:7:5-73
MERGED from [com.android.support:multidex:1.0.1] AndroidManifest.xml:18:5-42
	android:targetSdkVersion
		ADDED from libGDXnetwork\android\AndroidManifest.xml:7:41-70
		INJECTED from libGDXnetwork\android\AndroidManifest.xml
		INJECTED from libGDXnetwork\android\AndroidManifest.xml
	android:minSdkVersion
		ADDED from libGDXnetwork\android\AndroidManifest.xml:7:15-40
		INJECTED from libGDXnetwork\android\AndroidManifest.xml
		INJECTED from libGDXnetwork\android\AndroidManifest.xml
uses-permission#android.permission.INTERNET
ADDED from libGDXnetwork\android\AndroidManifest.xml:8:5-66
	android:name
		ADDED from libGDXnetwork\android\AndroidManifest.xml:8:22-64
uses-permission#android.permission.ACCESS_WIFI_STATE
ADDED from libGDXnetwork\android\AndroidManifest.xml:9:5-75
	android:name
		ADDED from libGDXnetwork\android\AndroidManifest.xml:9:22-73
application
ADDED from libGDXnetwork\android\AndroidManifest.xml:12:5-27:19
	android:label
		ADDED from libGDXnetwork\android\AndroidManifest.xml:15:9-41
	android:allowBackup
		ADDED from libGDXnetwork\android\AndroidManifest.xml:13:9-35
	android:icon
		ADDED from libGDXnetwork\android\AndroidManifest.xml:14:9-45
	android:theme
		ADDED from libGDXnetwork\android\AndroidManifest.xml:16:9-40
activity#com.mygdx.game.AndroidLauncher
ADDED from libGDXnetwork\android\AndroidManifest.xml:17:9-26:20
	android:screenOrientation
		ADDED from libGDXnetwork\android\AndroidManifest.xml:20:13-50
	android:label
		ADDED from libGDXnetwork\android\AndroidManifest.xml:19:13-45
	android:configChanges
		ADDED from libGDXnetwork\android\AndroidManifest.xml:21:13-83
	android:name
		ADDED from libGDXnetwork\android\AndroidManifest.xml:18:13-58
intent-filter#android.intent.action.MAIN+android.intent.category.LAUNCHER
ADDED from libGDXnetwork\android\AndroidManifest.xml:22:13-25:29
action#android.intent.action.MAIN
ADDED from libGDXnetwork\android\AndroidManifest.xml:23:17-69
	android:name
		ADDED from libGDXnetwork\android\AndroidManifest.xml:23:25-66
category#android.intent.category.LAUNCHER
ADDED from libGDXnetwork\android\AndroidManifest.xml:24:17-77
	android:name
		ADDED from libGDXnetwork\android\AndroidManifest.xml:24:27-74